<?xml version="1.0" encoding="UTF-8"?>
<!-- Generated by org.testng.reporters.JUnitXMLReporter -->
<testsuite ignored="0" hostname="LAPTOP-C2Q8BJ3N" failures="1" tests="11" name="RegressionTests" time="48.427" errors="0" timestamp="25 May 2024 13:46:00 GMT">
  <testcase classname="com.tutorialsninja.testCases.Register" name="verifyRegisterAccountWithOnlyMandatoryFields" time="2.27"/>
  <testcase classname="com.tutorialsninja.testCases.Register" name="verifyRegisterAccountWithAllFileds" time="1.639"/>
  <testcase classname="com.tutorialsninja.testCases.Register" name="verifyRegisterAccountWithYesOptionIsSelectedForNewsletterFiled" time="2.049"/>
  <testcase classname="com.tutorialsninja.testCases.Register" name="verifyDifferentWaysOfNavigatingToRegisterAccountPage" time="1.31"/>
  <testcase classname="com.tutorialsninja.testCases.Login" name="verifyLoginWithValidCredentials" time="0.964"/>
  <testcase classname="com.tutorialsninja.testCases.Login" name="verifyLoginWithInvalidCredentials" time="0.861"/>
  <testcase classname="com.tutorialsninja.testCases.Login" name="verifyloginWithInvalidEmailAndValidPassword" time="0.725"/>
  <testcase classname="com.tutorialsninja.testCases.Login" name="verifyLoginWithValidEmailAndInvalidPassword" time="0.815"/>
  <testcase classname="com.tutorialsninja.testCases.Login" name="verifyloginWithoutCredentials" time="0.65"/>
  <testcase classname="com.tutorialsninja.testCases.AddToCart" name="verifyAddingProductToCartFromProductDisplayPage" time="1.724"/>
  <testcase classname="com.tutorialsninja.testCases.AddToCart" name="verifyAddingTheProductFromWishlist" time="1.325">
    <failure type="java.lang.IllegalArgumentException" message="Keys to send should be a not null CharSequence">
      <![CDATA[java.lang.IllegalArgumentException: Keys to send should be a not null CharSequence
at org.openqa.selenium.remote.RemoteWebElement.sendKeys(RemoteWebElement.java:96)
at org.openqa.selenium.support.pagefactory.internal.LocatingElementHandler.invoke(LocatingElementHandler.java:51)
at jdk.proxy2/jdk.proxy2.$Proxy14.sendKeys(Unknown Source)
at com.tutorialsninja.pageObjects.HomePage.enterTextIntoSearchBoxField(HomePage.java:55)
at com.tutorialsninja.testCases.AddToCart.verifyAddingTheProductFromWishlist(AddToCart.java:55)
... Removed 28 stack frames]]>
    </failure>
  </testcase> <!-- verifyAddingTheProductFromWishlist -->
</testsuite> <!-- RegressionTests -->
