<?xml version="1.0" encoding="UTF-8"?>
<!-- Generated by org.testng.reporters.JUnitXMLReporter -->
<testsuite ignored="0" hostname="LAPTOP-C2Q8BJ3N" failures="1" tests="7" name="AddToCartTest" time="28.246" errors="0" timestamp="24 May 2024 12:47:24 GMT">
  <testcase classname="com.tutorialsninja.testCases.AddToCart" name="verifyAddingProductToCartFromProductDisplayPage" time="1.412"/>
  <testcase classname="com.tutorialsninja.testCases.Login" name="verifyLoginWithValidCredentials" time="1.165"/>
  <testcase classname="com.tutorialsninja.testCases.AddToCart" name="verifyAddingTheProductFromWishlist" time="1.283">
    <failure type="java.lang.IllegalArgumentException" message="Keys to send should be a not null CharSequence">
      <![CDATA[java.lang.IllegalArgumentException: Keys to send should be a not null CharSequence
at org.openqa.selenium.remote.RemoteWebElement.sendKeys(RemoteWebElement.java:96)
at org.openqa.selenium.support.pagefactory.internal.LocatingElementHandler.invoke(LocatingElementHandler.java:51)
at jdk.proxy2/jdk.proxy2.$Proxy14.sendKeys(Unknown Source)
at com.tutorialsninja.pageObjects.HomePage.enterTextIntoSearchBoxField(HomePage.java:55)
at com.tutorialsninja.testCases.AddToCart.verifyAddingTheProductFromWishlist(AddToCart.java:55)
... Removed 29 stack frames]]>
    </failure>
  </testcase> <!-- verifyAddingTheProductFromWishlist -->
  <testcase classname="com.tutorialsninja.testCases.Login" name="verifyLoginWithInvalidCredentials" time="0.789"/>
  <testcase classname="com.tutorialsninja.testCases.Login" name="verifyloginWithInvalidEmailAndValidPassword" time="0.734"/>
  <testcase classname="com.tutorialsninja.testCases.Login" name="verifyLoginWithValidEmailAndInvalidPassword" time="0.616"/>
  <testcase classname="com.tutorialsninja.testCases.Login" name="verifyloginWithoutCredentials" time="0.469"/>
</testsuite> <!-- AddToCartTest -->
