<?xml version="1.0" encoding="UTF-8"?>
<!-- Generated by org.testng.reporters.JUnitXMLReporter -->
<testsuite ignored="0" hostname="LAPTOP-C2Q8BJ3N" failures="1" tests="2" name="AddToCart" time="12.524" errors="0" timestamp="25 May 2024 12:34:50 GMT">
  <testcase classname="com.tutorialsninja.testCases.AddToCart" name="verifyAddingProductToCartFromProductDisplayPage" time="1.615"/>
  <testcase classname="com.tutorialsninja.testCases.AddToCart" name="verifyAddingTheProductFromWishlist" time="1.13">
    <failure type="java.lang.IllegalArgumentException" message="Keys to send should be a not null CharSequence">
      <![CDATA[java.lang.IllegalArgumentException: Keys to send should be a not null CharSequence
at org.openqa.selenium.remote.RemoteWebElement.sendKeys(RemoteWebElement.java:96)
at org.openqa.selenium.support.pagefactory.internal.LocatingElementHandler.invoke(LocatingElementHandler.java:51)
at jdk.proxy2/jdk.proxy2.$Proxy14.sendKeys(Unknown Source)
at com.tutorialsninja.pageObjects.HomePage.enterTextIntoSearchBoxField(HomePage.java:55)
at com.tutorialsninja.testCases.AddToCart.verifyAddingTheProductFromWishlist(AddToCart.java:55)
... Removed 28 stack frames]]>
    </failure>
  </testcase> <!-- verifyAddingTheProductFromWishlist -->
</testsuite> <!-- AddToCart -->
